<component name="libraryTable">
  <library name="junit.platform.launcher" type="repository">
    <properties maven-id="org.junit.platform:junit-platform-launcher:1.4.2" />
    <CLASSES>
      <root url="jar://$PROJECT_DIR$/lib/junit-platform-launcher-1.4.2.jar!/" />
      <root url="jar://$PROJECT_DIR$/lib/apiguardian-api-1.0.0.jar!/" />
      <root url="jar://$PROJECT_DIR$/lib/junit-platform-engine-1.4.2.jar!/" />
      <root url="jar://$PROJECT_DIR$/lib/opentest4j-1.1.1.jar!/" />
      <root url="jar://$PROJECT_DIR$/lib/junit-platform-commons-1.4.2.jar!/" />
    </CLASSES>
    <JAVADOC />
    <SOURCES />
  </library>
</component>